2026-01-07 00:56:34 [INFO]: servicioCtl: [object Object]
2026-01-07 00:56:34 [INFO]: 🚀 El servidor está escuchando en el puerto 3000
2026-01-07 00:56:35 [INFO]: Base de datos conectada
2026-01-07 00:56:36 [INFO]: ✅ Conectado a MySQL (Sequelize)
2026-01-07 00:56:36 [INFO]: ✅ Mongoose conectado a MongoDB en: edisoncloud-shard-00-00.ux4si.mongodb.net
2026-01-07 00:56:36 [INFO]: 🚀 MongoDB conectado correctamente
2026-01-07 00:56:37 [INFO]: ✅ Tabla "servicio" sincronizada con la base de datos
2026-01-07 00:59:29 [INFO]: [0mGET /api/servicios/lista [32m200[0m 133.137 ms - 659[0m
2026-01-07 00:59:29 [INFO]: [0mGET /uploads/null [33m404[0m 5.566 ms - 48[0m
2026-01-07 00:59:36 [INFO]: [0mGET /api/servicios/lista [36m304[0m 112.268 ms - -[0m
2026-01-07 00:59:36 [INFO]: [0mGET /uploads/null [33m404[0m 3.583 ms - 48[0m
2026-01-07 00:59:40 [INFO]: [0mGET /api/servicios/lista [36m304[0m 110.338 ms - -[0m
2026-01-07 00:59:40 [INFO]: [0mGET /uploads/null [33m404[0m 2.939 ms - 48[0m
2026-01-07 00:59:46 [INFO]: [0mGET /api/servicios/lista [36m304[0m 111.832 ms - -[0m
2026-01-07 00:59:46 [INFO]: [0mGET /uploads/null [33m404[0m 1.577 ms - 48[0m
2026-01-07 01:00:02 [INFO]: [0mGET /api/servicios/lista [36m304[0m 115.259 ms - -[0m
2026-01-07 01:00:03 [INFO]: [0mGET /uploads/null [33m404[0m 2.354 ms - 48[0m
2026-01-07 01:00:05 [INFO]: [0mGET /api/servicios/lista [36m304[0m 111.997 ms - -[0m
2026-01-07 01:00:05 [INFO]: [0mGET /uploads/null [33m404[0m 2.649 ms - 48[0m
2026-01-07 01:00:07 [INFO]: [0mGET /api/servicios/lista [36m304[0m 110.447 ms - -[0m
2026-01-07 01:00:07 [INFO]: [0mGET /uploads/null [33m404[0m 1.441 ms - 48[0m
2026-01-07 01:00:10 [INFO]: [0mGET /api/servicios/lista [36m304[0m 110.588 ms - -[0m
2026-01-07 01:00:10 [INFO]: [0mGET /uploads/null [33m404[0m 1.119 ms - 48[0m
2026-01-07 01:00:14 [INFO]: [0mGET /api/servicios/lista [36m304[0m 112.731 ms - -[0m
2026-01-07 01:00:14 [INFO]: [0mGET /uploads/null [33m404[0m 2.410 ms - 48[0m
2026-01-07 01:00:15 [INFO]: [0mGET /api/servicios/lista [36m304[0m 110.875 ms - -[0m
2026-01-07 01:00:15 [INFO]: [0mGET /uploads/null [33m404[0m 1.769 ms - 48[0m
2026-01-07 01:00:18 [INFO]: [0mGET /api/servicios/lista [36m304[0m 110.365 ms - -[0m
2026-01-07 01:00:18 [INFO]: [0mGET /uploads/null [33m404[0m 2.880 ms - 48[0m
2026-01-07 01:00:21 [INFO]: [0mGET /api/servicios/lista [36m304[0m 110.830 ms - -[0m
2026-01-07 01:00:21 [INFO]: [0mGET /uploads/null [33m404[0m 1.120 ms - 48[0m
2026-01-07 01:00:27 [INFO]: [0mGET /api/servicios/lista [36m304[0m 111.004 ms - -[0m
2026-01-07 01:00:27 [INFO]: [0mGET /uploads/null [33m404[0m 3.872 ms - 48[0m
2026-01-07 01:00:48 [INFO]: [0mGET /api/servicios/lista [36m304[0m 110.057 ms - -[0m
2026-01-07 01:00:48 [INFO]: [0mGET /uploads/null [33m404[0m 1.417 ms - 48[0m
2026-01-07 01:01:05 [INFO]: [0mGET /api/servicios/lista [36m304[0m 109.691 ms - -[0m
2026-01-07 01:01:05 [INFO]: [0mGET /uploads/null [33m404[0m 0.973 ms - 48[0m
2026-01-07 01:01:21 [INFO]: [0mGET /api/servicios/lista [36m304[0m 110.474 ms - -[0m
2026-01-07 01:01:21 [INFO]: [0mGET /uploads/null [33m404[0m 1.021 ms - 48[0m
2026-01-07 01:01:26 [INFO]: [0mGET /api/servicios/lista [36m304[0m 110.331 ms - -[0m
2026-01-07 01:01:26 [INFO]: [0mGET /uploads/null [33m404[0m 1.017 ms - 48[0m
2026-01-07 01:01:36 [INFO]: [0mGET /api/servicios/lista [36m304[0m 110.524 ms - -[0m
2026-01-07 01:01:36 [INFO]: [0mGET /uploads/null [33m404[0m 0.979 ms - 48[0m
2026-01-07 01:02:38 [INFO]: [0mGET /api-docs/ [33m404[0m 1.256 ms - 48[0m
2026-01-07 01:02:38 [INFO]: [0mGET /favicon.ico [33m404[0m 2.433 ms - 48[0m
2026-01-07 01:02:51 [INFO]: [0mGET / [33m404[0m 0.773 ms - 48[0m
2026-01-07 01:03:25 [INFO]: [0mGET /admin [33m404[0m 2.108 ms - 48[0m
2026-01-07 01:03:34 [INFO]: [0mGET /api/servicios/lista [36m304[0m 110.287 ms - -[0m
2026-01-07 01:03:34 [INFO]: [0mGET /uploads/null [33m404[0m 1.756 ms - 48[0m
2026-01-07 01:03:44 [INFO]: [0mGET /uploads/null [33m404[0m 2.359 ms - 48[0m
2026-01-07 01:03:56 [INFO]: servicioCtl: [object Object]
2026-01-07 01:03:56 [INFO]: 🚀 El servidor está escuchando en el puerto 3000
2026-01-07 01:03:57 [INFO]: Base de datos conectada
2026-01-07 01:03:57 [INFO]: ✅ Conectado a MySQL (Sequelize)
2026-01-07 01:03:59 [INFO]: ✅ Mongoose conectado a MongoDB en: edisoncloud-shard-00-00.ux4si.mongodb.net
2026-01-07 01:03:59 [INFO]: 🚀 MongoDB conectado correctamente
2026-01-07 01:03:59 [INFO]: ✅ Tabla "servicio" sincronizada con la base de datos
2026-01-07 01:04:04 [INFO]: [0mGET /api-docs/ [33m404[0m 13.857 ms - 48[0m
2026-01-07 01:07:57 [INFO]: servicioCtl: [object Object]
2026-01-07 01:07:57 [INFO]: 🚀 El servidor está escuchando en el puerto 3000
2026-01-07 01:07:57 [INFO]: Base de datos conectada
2026-01-07 01:07:58 [INFO]: ✅ Conectado a MySQL (Sequelize)
2026-01-07 01:07:59 [INFO]: ✅ Mongoose conectado a MongoDB en: edisoncloud-shard-00-00.ux4si.mongodb.net
2026-01-07 01:07:59 [INFO]: 🚀 MongoDB conectado correctamente
2026-01-07 01:08:00 [INFO]: ✅ Tabla "servicio" sincronizada con la base de datos
2026-01-07 11:15:06 [INFO]: servicioCtl: [object Object]
2026-01-07 11:15:06 [INFO]: 🚀 El servidor está escuchando en el puerto 3000
2026-01-07 11:15:07 [INFO]: Base de datos conectada
2026-01-07 11:15:08 [INFO]: ✅ Conectado a MySQL (Sequelize)
2026-01-07 11:15:08 [INFO]: ✅ Mongoose conectado a MongoDB en: edisoncloud-shard-00-00.ux4si.mongodb.net
2026-01-07 11:15:08 [INFO]: 🚀 MongoDB conectado correctamente
2026-01-07 11:15:09 [INFO]: ✅ Tabla "servicio" sincronizada con la base de datos
2026-01-07 11:15:18 [INFO]: [0mGET / [33m404[0m 13.601 ms - 48[0m
2026-01-07 11:15:19 [INFO]: [0mGET /favicon.ico [33m404[0m 1.466 ms - 48[0m
2026-01-07 11:19:28 [INFO]: [0mGET /cliente [33m404[0m 1.688 ms - 48[0m
2026-01-07 11:19:29 [INFO]: [0mGET /favicon.ico [33m404[0m 0.893 ms - 48[0m
2026-01-07 11:20:04 [ERROR]: SequelizeDatabaseError: read ECONNRESET
2026-01-07 11:20:04 [INFO]: [0mGET /api/servicios [31m500[0m 21669.955 ms - 39[0m
2026-01-07 11:21:13 [INFO]: [0mGET /api/servicios/lista [0m-[0m - ms - -[0m
2026-01-07 11:21:15 [INFO]: [0mGET /api/servicios/lista [32m200[0m 127.572 ms - 659[0m
2026-01-07 11:21:15 [INFO]: [0mGET /uploads/null [33m404[0m 2.308 ms - 48[0m
2026-01-07 11:21:22 [INFO]: [0mGET /api/servicios/lista [36m304[0m 120.848 ms - -[0m
2026-01-07 11:21:22 [INFO]: [0mGET /uploads/null [33m404[0m 1.336 ms - 48[0m
2026-01-07 11:21:22 [ERROR]: SequelizeDatabaseError: read ECONNRESET
2026-01-07 11:21:27 [INFO]: [0mGET /api/servicios/lista [36m304[0m 119.787 ms - -[0m
2026-01-07 11:21:27 [INFO]: [0mGET /uploads/null [33m404[0m 1.026 ms - 48[0m
2026-01-07 11:25:06 [INFO]: [0mGET /api/servicios/lista [36m304[0m 114.900 ms - -[0m
2026-01-07 11:25:06 [INFO]: [0mGET /uploads/null [33m404[0m 2.159 ms - 48[0m
2026-01-07 11:25:30 [INFO]: [0mGET /api/servicios/lista [36m304[0m 115.489 ms - -[0m
2026-01-07 11:25:30 [INFO]: [0mGET /uploads/null [33m404[0m 1.290 ms - 48[0m
2026-01-07 11:25:35 [INFO]: [0mGET /api/servicios/lista [36m304[0m 113.944 ms - -[0m
2026-01-07 11:25:35 [INFO]: [0mGET /uploads/null [33m404[0m 1.390 ms - 48[0m
2026-01-07 11:25:37 [INFO]: [0mGET /api/servicios/lista [36m304[0m 114.433 ms - -[0m
2026-01-07 11:25:37 [INFO]: [0mGET /uploads/null [33m404[0m 0.870 ms - 48[0m
2026-01-07 11:25:52 [INFO]: [0mGET /api/servicios/lista [36m304[0m 117.237 ms - -[0m
2026-01-07 11:25:52 [INFO]: [0mGET /uploads/null [33m404[0m 1.976 ms - 48[0m
2026-01-07 11:27:23 [INFO]: [0mGET /api/servicios/lista [36m304[0m 115.140 ms - -[0m
2026-01-07 11:27:23 [INFO]: [0mGET /uploads/null [33m404[0m 2.066 ms - 48[0m
2026-01-07 11:27:27 [INFO]: [0mGET /api/servicios/lista [36m304[0m 113.579 ms - -[0m
2026-01-07 11:27:27 [INFO]: [0mGET /uploads/null [33m404[0m 1.902 ms - 48[0m
2026-01-07 11:27:33 [INFO]: [0mGET /api/servicios/lista [36m304[0m 117.441 ms - -[0m
2026-01-07 11:27:33 [INFO]: [0mGET /uploads/null [33m404[0m 2.405 ms - 48[0m
2026-01-07 11:27:52 [INFO]: [0mGET /api/servicios/lista [36m304[0m 114.146 ms - -[0m
2026-01-07 11:27:52 [INFO]: [0mGET /uploads/null [33m404[0m 1.161 ms - 48[0m
2026-01-07 11:27:56 [INFO]: [0mGET /api/servicios/lista [36m304[0m 113.757 ms - -[0m
2026-01-07 11:27:56 [INFO]: [0mGET /uploads/null [33m404[0m 1.159 ms - 48[0m
